<?xml version="1.0" encoding="UTF-8"?>
<!-- Generated by org.testng.reporters.JUnitXMLReporter -->
<testsuite ignored="0" hostname="DESKTOP-232FA35" failures="1" tests="3" name="Test" time="0.107" errors="0" timestamp="2023-05-24T14:45:42 IST">
  <testcase classname="listeners.Dependencies" name="test1" time="0.014"/>
  <testcase classname="listeners.Dependencies" name="test2" time="0.006">
    <failure type="java.lang.AssertionError" message="null">
      <![CDATA[java.lang.AssertionError: null
at listeners.Dependencies.test2(Dependencies.java:16)
at java.base/java.util.ArrayList.forEach(ArrayList.java:1511)
... Removed 29 stack frames]]>
    </failure>
  </testcase> <!-- test2 -->
  <testcase classname="listeners.Dependencies" name="test3" time="0.0">
    <skipped/>
  </testcase> <!-- test3 -->
</testsuite> <!-- Test -->
