<?xml version="1.0" encoding="UTF-8"?>
<testng-results ignored="0" total="1" passed="1" failed="0" skipped="0">
  <reporter-output>
  </reporter-output>
  <suite started-at="2023-05-30T13:22:52 IST" name="Default suite" finished-at="2023-05-30T13:23:04 IST" duration-ms="12271">
    <groups>
    </groups>
    <test started-at="2023-05-30T13:22:52 IST" name="Default test" finished-at="2023-05-30T13:23:04 IST" duration-ms="12271">
      <class name="basic_Frame_work.Test_script">
        <test-method is-config="true" signature="openApp()[pri:0, instance:basic_Frame_work.Test_script@5fa07e12]" started-at="2023-05-30T13:22:52 IST" name="openApp" finished-at="2023-05-30T13:22:59 IST" duration-ms="6974" status="PASS">
          <reporter-output>
          </reporter-output>
        </test-method> <!-- openApp -->
        <test-method signature="validlogin()[pri:0, instance:basic_Frame_work.Test_script@5fa07e12]" started-at="2023-05-30T13:22:59 IST" name="validlogin" finished-at="2023-05-30T13:23:04 IST" duration-ms="4749" status="PASS">
          <reporter-output>
          </reporter-output>
        </test-method> <!-- validlogin -->
        <test-method is-config="true" signature="closeApp()[pri:0, instance:basic_Frame_work.Test_script@5fa07e12]" started-at="2023-05-30T13:23:04 IST" name="closeApp" finished-at="2023-05-30T13:23:04 IST" duration-ms="449" status="PASS">
          <reporter-output>
          </reporter-output>
        </test-method> <!-- closeApp -->
      </class> <!-- basic_Frame_work.Test_script -->
    </test> <!-- Default test -->
  </suite> <!-- Default suite -->
</testng-results>
